<?xml version="1.0" encoding="UTF-8"?>
<!-- Generated by org.testng.reporters.JUnitReportReporter -->
<testsuite skipped="0" hostname="IN5CG6434YRX" name="com.Tests.RediffPageSample1" tests="1" failures="0" timestamp="26 Mar 2019 09:00:59 GMT" time="99.155" errors="0">
  <testcase name="SampleTest" time="99.155" classname="com.Tests.RediffPageSample1"/>
</testsuite> <!-- com.Tests.RediffPageSample1 -->
