<?xml version="1.0" encoding="UTF-8"?>
<!-- Generated by org.testng.reporters.JUnitReportReporter -->
<testsuite skipped="0" hostname="IN5CG6434YRX" name="com.Tests.RediffPageSample" tests="1" failures="0" timestamp="27 Mar 2019 04:51:10 GMT" time="49.204" errors="0">
  <testcase name="SampleTest" time="49.204" classname="com.Tests.RediffPageSample"/>
</testsuite> <!-- com.Tests.RediffPageSample -->
